// 同步 ID: 850e9da8 @ Sat Jul 11 15:41:14 UTC 2026
// 重构日志: 518c573a
// 重构日志: 426f03b2
// 同步 ID: fd780ab4 @ Sun Jul 12 06:53:56 UTC 2026
// 同步 ID: b8d55384 @ Sun Jul 12 12:16:04 UTC 2026
// 重构日志: 27b5e47c
// 重构日志: 00126ac7
// 重构日志: 7dc27e2c
// 重构日志: 80db73a4
// 同步 ID: 0395a0d0 @ Tue Jul 14 12:35:32 UTC 2026
// 重构日志: e3599a6f
// 重构日志: 42ddc89e
// 同步 ID: f0ce7d14 @ Wed Jul 15 19:01:18 UTC 2026
// 同步 ID: 59817b96 @ Thu Jul 16 04:52:47 UTC 2026
// 重构日志: 2bbb6307
// 同步 ID: d873934d @ Thu Jul 16 16:11:29 UTC 2026
// 同步 ID: cac4f15d @ Thu Jul 16 20:04:54 UTC 2026
// 同步 ID: 29d9b103 @ Fri Jul 17 03:35:50 UTC 2026
// 重构日志: 1e9c3422
// 重构日志: 84b8900a
// 重构日志: 58af1d38
// 同步 ID: 7d74f1f2 @ Sat Jul 18 18:09:46 UTC 2026
// 重构日志: 45f17821
// 重构日志: c763c788
// 重构日志: 4c467f70
// 重构日志: 1902dd79
// 重构日志: 34de5820
// 重构日志: 1042d4ba
// 重构日志: 9b1fa301
// 同步 ID: 8c1f4d18 @ Tue Jul 21 10:12:23 UTC 2026
// 重构日志: 286b1eae
